<?xml version="1.0" encoding="UTF-8"?>
<!-- Generated by org.testng.reporters.JUnitReportReporter -->
<testsuite hostname="Thanvi-Theeksha" failures="0" tests="2" name="com.openmrs.testcase.LoginTest" time="18.554" errors="0" timestamp="2022-10-16T10:45:30 IST" skipped="0">
  <testcase classname="com.openmrs.testcase.LoginTest" name="crmLogoImageTest" time="6.428"/>
  <system-out/>
  <testcase classname="com.openmrs.testcase.LoginTest" name="loginTest" time="12.126"/>
  <system-out/>
</testsuite> <!-- com.openmrs.testcase.LoginTest -->
