<?xml version="1.0" encoding="UTF-8"?>
<!-- Generated by org.testng.reporters.JUnitReportReporter -->
<testsuite hostname="Thanvi-Theeksha" failures="0" tests="2" name="com.openmrs.testcase.HomePageTest" time="14.503" errors="0" timestamp="2022-10-17T17:43:45 IST" skipped="0">
  <testcase classname="com.openmrs.testcase.HomePageTest" name="verifyHomePageTitleTest" time="5.458"/>
  <system-out/>
  <testcase classname="com.openmrs.testcase.HomePageTest" name="verifyUserNameTest" time="9.045"/>
  <system-out/>
</testsuite> <!-- com.openmrs.testcase.HomePageTest -->
